C51 COMPILER V9.52.0.0   LED                                                               08/19/2017 17:16:41 PAGE 1   


C51 COMPILER V9.52.0.0, COMPILATION OF MODULE LED
OBJECT MODULE PLACED IN led.obj
COMPILER INVOKED BY: F:\Program Files (x86)\Keil\C51\BIN\C51.EXE code\led\led.c BROWSE INCDIR(.\code\common;.\code\drive
                    -r;.\code\flash;.\code\key;.\code\led;.\code\logic;.\code\remote;.\code\sant1ch;.\code\timer) DEBUG OBJECTEXTEND PRINT(.\
                    -led.lst) OBJECT(led.obj)

line level    source

   1          #include "led.h"
   2          
   3          void ledInit(void)
   4          {
   5   1          P0M1 &= 0xDf;
   6   1              P0M2 |= 0X20; 
   7   1              RF_LED = 0;
   8   1      }
   9          
  10          
  11          


MODULE INFORMATION:   STATIC OVERLAYABLE
   CODE SIZE        =      9    ----
   CONSTANT SIZE    =   ----    ----
   XDATA SIZE       =   ----    ----
   PDATA SIZE       =   ----    ----
   DATA SIZE        =   ----    ----
   IDATA SIZE       =   ----    ----
   BIT SIZE         =   ----    ----
END OF MODULE INFORMATION.


C51 COMPILATION COMPLETE.  0 WARNING(S),  0 ERROR(S)
