C51 COMPILER V9.52.0.0   LOGIC                                                             08/30/2017 23:09:24 PAGE 1   


C51 COMPILER V9.52.0.0, COMPILATION OF MODULE LOGIC
OBJECT MODULE PLACED IN logic.obj
COMPILER INVOKED BY: F:\Program Files (x86)\Keil\C51\BIN\C51.EXE code\logic\logic.c BROWSE INCDIR(.\code\common;.\code\d
                    -river;.\code\flash;.\code\key;.\code\led;.\code\logic;.\code\remote;.\code\sant1ch;.\code\timer) DEBUG OBJECTEXTEND PRIN
                    -T(.\logic.lst) OBJECT(logic.obj)

line level    source

   1          #include <intrins.h>
   2          #include "logic.h"
   3          #include "N76E003.h"
   4          #include "key.h"
   5          #include "led.h"
   6          #include "timer.h"
   7          #include "key_driver.h"
   8          #include "flash.h"
   9          #include "remote.h"
  10          
  11          DevDef xdata dev_def = {0};
  12          static uint16_t jogging_time = 700;
  13          bool deal_remote_flag = false;
  14          bool key_scan_flag = false;
  15          bool update_local_flag = false;
  16          bool syn_app_flag = false;
  17          
  18          #define  JOGGING_TIME   (7)
  19          
  20          void incJoggingTime(void)
  21          {
  22   1              if(jogging_time == 700)
  23   1              {
  24   2                      jogging_time = 1000;
  25   2              }
  26   1              else if(jogging_time == 60000)
  27   1              {
  28   2                      jogging_time = 60000;
  29   2              }
  30   1              else
  31   1              {
  32   2                      jogging_time += 1000;
  33   2              }
  34   1      }
  35          void decJoggingTime(void)
  36          {
  37   1              if(jogging_time == 700)
  38   1              {
  39   2                      jogging_time = 700;
  40   2              }
  41   1              else if(jogging_time == 1000)
  42   1              {
  43   2                      jogging_time = 700;
  44   2              }
  45   1              else
  46   1              {
  47   2                      jogging_time -= 1000;
  48   2              }
  49   1      }
  50          static void modeInit(void)
  51          {
  52   1              dev_def.dev_mode = DEV_SELFLOCK;
  53   1      }
C51 COMPILER V9.52.0.0   LOGIC                                                             08/30/2017 23:09:24 PAGE 2   

  54          static void relayInit(void)
  55          {
  56   1              P0M1 |= 0X80;
  57   1              P0M2 &= 0x7f;
  58   1      }
  59          static void syncApp(void)
  60          {
  61   1              static bool flag = false;
  62   1              if(dev_def.dev_mode == DEV_JOGGING)
  63   1              {
  64   2                      dev_def.timer_cnt++;
  65   2                      if(RELAY1 == 1)
  66   2                      {
  67   3                              if(false == flag)
  68   3                              {
  69   4                                      flag = true;
  70   4                                      dev_def.timer_cnt = 0;
  71   4                              }
  72   3                              if(dev_def.timer_cnt >= JOGGING_TIME)
  73   3                              {
  74   4                                      dev_def.timer_cnt = 0;
  75   4                                      flag = false;
  76   4                                      CON_RELAY = 0;
  77   4                                      dev_def.update_flag = true;
  78   4                              }
  79   3                      }
  80   2                      else
  81   2                      {
  82   3                              flag = false;
  83   3                      }
  84   2              }
  85   1              if(!dev_def.update_flag)
  86   1              {
  87   2                      CON_RELAY = RELAY1;
  88   2              }
  89   1      }
  90          static void updateLocal(void)
  91          {
  92   1              static bool high_flag = false;
  93   1              if(dev_def.update_flag)
  94   1              {
  95   2                      if(RELAY1 != CON_RELAY && high_flag == false)
  96   2                      {
  97   3                              high_flag = true;
  98   3                              KEY = 0;
  99   3                      }
 100   2                      else if(high_flag == true)
 101   2                      {
 102   3                              high_flag = false;
 103   3                              KEY = 1;
 104   3                      }
 105   2                      else
 106   2                      {
 107   3                              dev_def.update_flag = false;
 108   3                      }
 109   2              }
 110   1      }
 111          void dealLogic(void)
 112          {
 113   1              if(key_scan_flag)
 114   1          {
 115   2              key_scan_flag = false;
C51 COMPILER V9.52.0.0   LOGIC                                                             08/30/2017 23:09:24 PAGE 3   

 116   2              keyScan();
 117   2          }
 118   1              if(syn_app_flag)
 119   1              {
 120   2                      syn_app_flag = false;
 121   2                      syncApp();
 122   2              }
 123   1              if(update_local_flag)
 124   1          {
 125   2              update_local_flag = false;
 126   2              updateLocal();//要在同步APP之后
 127   2          }
 128   1      }
 129          void logicInit(void)
 130          {
 131   1              modeInit();
 132   1              ledInit();
 133   1              keyInit();
 134   1              relayInit();
 135   1      #if 0
                      captureInit();
                      timer1Init();
              #endif
 139   1          timer0Init();
 140   1      }
 141          


MODULE INFORMATION:   STATIC OVERLAYABLE
   CODE SIZE        =    280    ----
   CONSTANT SIZE    =   ----    ----
   XDATA SIZE       =      9    ----
   PDATA SIZE       =   ----    ----
   DATA SIZE        =      8    ----
   IDATA SIZE       =   ----    ----
   BIT SIZE         =   ----    ----
END OF MODULE INFORMATION.


C51 COMPILATION COMPLETE.  0 WARNING(S),  0 ERROR(S)
