C51 COMPILER V9.52.0.0   MAIN                                                              08/31/2017 01:22:04 PAGE 1   


C51 COMPILER V9.52.0.0, COMPILATION OF MODULE MAIN
OBJECT MODULE PLACED IN main.obj
COMPILER INVOKED BY: F:\Program Files (x86)\Keil\C51\BIN\C51.EXE code\sant1ch\main.c BROWSE INCDIR(.\code\common;.\code\
                    -driver;.\code\flash;.\code\key;.\code\led;.\code\logic;.\code\remote;.\code\sant1ch;.\code\timer) DEBUG OBJECTEXTEND PRI
                    -NT(.\main.lst) OBJECT(main.obj)

line level    source

   1          #include <stdio.h>
   2          #include "logic.h"
   3          
   4          void main(void)
   5          {
   6   1              logicInit();
   7   1              while(1)
   8   1              {
   9   2                      dealLogic();
  10   2                      dealRemote();
*** WARNING C206 IN LINE 10 OF code\sant1ch\main.c: 'dealRemote': missing function-prototype
  11   2                      //saveModeToFlash();
  12   2              }
  13   1      }


MODULE INFORMATION:   STATIC OVERLAYABLE
   CODE SIZE        =     11    ----
   CONSTANT SIZE    =   ----    ----
   XDATA SIZE       =   ----    ----
   PDATA SIZE       =   ----    ----
   DATA SIZE        =   ----    ----
   IDATA SIZE       =   ----    ----
   BIT SIZE         =   ----    ----
END OF MODULE INFORMATION.


C51 COMPILATION COMPLETE.  1 WARNING(S),  0 ERROR(S)
