C51 COMPILER V9.52.0.0   TIMER                                                             08/31/2017 01:22:03 PAGE 1   


C51 COMPILER V9.52.0.0, COMPILATION OF MODULE TIMER
OBJECT MODULE PLACED IN timer.obj
COMPILER INVOKED BY: F:\Program Files (x86)\Keil\C51\BIN\C51.EXE code\timer\timer.c BROWSE INCDIR(.\code\common;.\code\d
                    -river;.\code\flash;.\code\key;.\code\led;.\code\logic;.\code\remote;.\code\sant1ch;.\code\timer) DEBUG OBJECTEXTEND PRIN
                    -T(.\timer.lst) OBJECT(timer.obj)

line level    source

   1          #include "timer.h"
   2          #include "N76E003.h"
   3          #include "typedef.h"
   4          #include "led.h"
   5          #include "logic.h"
   6          
   7          
   8          void timer0Init(void)
   9          {
  10   1              TMOD &= 0xf0;
  11   1              TMOD |= 0X02; //开启定时器0模式2
  12   1              CKCON &= 0xf7; //定时器时钟为1/12系统时钟
  13   1              TH0 = 123;   //100us
  14   1              TL0 = 123;
  15   1              ET0 = 1;
  16   1              EA = 1;
  17   1              TR0 = 1;
  18   1      }
  19          void timer1Init(void)
  20          {
  21   1              TMOD &= 0x0f;
  22   1              TMOD |= 0x10;
  23   1              CKCON &= 0x7f;
  24   1              TH1 = 245;
  25   1              TL1 = 149;
  26   1              ET1 = 1;
  27   1              TR1 = 1;
  28   1      }
  29          
  30          void Timer1_ISR (void) interrupt 3
  31          {
  32   1              TH1 = 245;
  33   1              TL1 = 149;
  34   1              deal_remote_flag = true;
  35   1      }
  36          void Timer0_ISR(void) interrupt 1
  37          {
  38   1          static uint16_t key_cnt = 0;
  39   1          static uint16_t update_local_cnt = 0;
  40   1          static uint16_t syn_app_cnt = 0;
  41   1          static uint16_t led_cnt = 0;
  42   1          key_cnt++;
  43   1          update_local_cnt++;
  44   1          syn_app_cnt++;
  45   1          led_cnt++;
  46   1          if(key_cnt >= 100)
  47   1          {
  48   2              key_cnt = 0;
  49   2              key_scan_flag = true;
  50   2          }
  51   1              if(led_cnt >= 100)
  52   1              {
  53   2                      led_cnt = 0;
C51 COMPILER V9.52.0.0   TIMER                                                             08/31/2017 01:22:03 PAGE 2   

  54   2                      led_flag = true;
  55   2              }
  56   1          if(syn_app_cnt >= 1000)
  57   1          {
  58   2              syn_app_cnt = 0;
  59   2              syn_app_flag = true;
  60   2          }
  61   1              if(update_local_cnt >= 1000)
  62   1          {
  63   2              update_local_cnt = 0;
  64   2              update_local_flag = true;
  65   2          }
  66   1      
  67   1      }


MODULE INFORMATION:   STATIC OVERLAYABLE
   CODE SIZE        =    173    ----
   CONSTANT SIZE    =   ----    ----
   XDATA SIZE       =   ----    ----
   PDATA SIZE       =   ----    ----
   DATA SIZE        =      8    ----
   IDATA SIZE       =   ----    ----
   BIT SIZE         =   ----    ----
END OF MODULE INFORMATION.


C51 COMPILATION COMPLETE.  0 WARNING(S),  0 ERROR(S)
