(---------------------------------------------------------------------)
(                                                                     )
(    Parameter File READ                                              )
(                                                                     )
(    Drawing          : sant1ch.brd                                   )
(    Software Version : 16.5P002                                      )
(    Date/Time        : Sun Aug 13 09:48:28 2017                      )
(                                                                     )
(---------------------------------------------------------------------)


	Paramfile Name : E:/workDir/itead_2l.prm
	Layout Name   : E:/workDir/san1ch/board/sant1ch.brd

Reading...parameter_header:
Reading...artwork_film:
	Reading...art_film_type:
	Reading...art_film_block_type:
	Reading...art_class_type:
	Reading...art_class_type:
	Reading...art_class_type:
Reading...artwork_film:
	Reading...art_film_type:
	Reading...art_film_block_type:
	Reading...art_class_type:
	Reading...art_class_type:
	WARNING: Unmatched Data - Field Name: subclass , Value: "NCLEGEND-1-2"
	Reading...art_class_type:
Reading...artwork_film:
	Reading...art_film_type:
	Reading...art_film_block_type:
	Reading...art_class_type:
Reading...artwork_film:
	Reading...art_film_type:
	Reading...art_film_block_type:
	Reading...art_class_type:
	Reading...art_class_type:
	Reading...art_class_type:
	Reading...art_class_type:
Reading...artwork_film:
	Reading...art_film_type:
	Reading...art_film_block_type:
	Reading...art_class_type:
	Reading...art_class_type:
	Reading...art_class_type:
	Reading...art_class_type:
Reading...artwork_film:
	Reading...art_film_type:
	Reading...art_film_block_type:
	Reading...art_class_type:
	Reading...art_class_type:
	Reading...art_class_type:
	Reading...art_class_type:
	Reading...art_class_type:
Reading...artwork_film:
	Reading...art_film_type:
	Reading...art_film_block_type:
	Reading...art_class_type:
	Reading...art_class_type:
	Reading...art_class_type:
	Reading...art_class_type:
	Reading...art_class_type:
Reading...artwork_film:
	Reading...art_film_type:
	Reading...art_film_block_type:
	Reading...art_class_type:
	Reading...art_class_type:
	Reading...art_class_type:
	WARNING: Unmatched Data - Field Name: subclass , Value: "TOP_LOGO"
	Reading...art_class_type:
	Reading...art_class_type:
Reading...artwork_film:
	Reading...art_film_type:
	Reading...art_film_block_type:
	Reading...art_class_type:
	Reading...art_class_type:
	Reading...art_class_type:
	Reading...art_class_type:
Reading...artwork_film:
	Reading...art_film_type:
	Reading...art_film_block_type:
	Reading...art_class_type:
	Reading...art_class_type:
	Reading...art_class_type:
	Reading...art_class_type:
Reading...artwork_film:
	Reading...art_film_type:
	Reading...art_film_block_type:
	Reading...art_class_type:
	Reading...art_class_type:
	Reading...art_class_type:
Reading...artwork_film:
	Reading...art_film_type:
	Reading...art_film_block_type:
	Reading...art_class_type:
	Reading...art_class_type:
	Reading...art_class_type:
	WARNING: Unmatched Data - Field Name: subclass , Value: "NCLEGEND-1-2"
	Reading...art_class_type:
	Reading...art_class_type:
Reading...artwork_film:
	Reading...art_film_type:
	Reading...art_film_block_type:
	Reading...art_class_type:
	Reading...art_class_type:
	Reading...art_class_type:
	WARNING: Unmatched Data - Field Name: subclass , Value: "BOTTOM_LOGO"
	Reading...art_class_type:
	Reading...art_class_type:


..... Total number of errors: 0.
..... Total number of warnings: 4.
