(---------------------------------------------------------------------)
(                                                                     )
(    ARTWORK LOG                                                      )
(                                                                     )
(    Drawing          : sant1ch.brd                                   )
(    Software Version : 16.5P002                                      )
(    Date/Time        : Sun Aug 13 10:00:49 2017                      )
(                                                                     )
(---------------------------------------------------------------------)


 ---- Photoplot outline rectangle not found ... using drawing extents



Results from parameter file ...
    DEVICE-TYPE           GERBER_RS274X
    OUTPUT-UNITS          INCHES
    FILM-SIZE             2400000 1600000
    FORMAT                3.5
    ABORT-ON-ERROR        NO
    SCALE                 1
    SUPPRESS-LEAD-ZEROES  YES
    SUPPRESS-TRAIL-ZEROES NO
    SUPPRESS-EQUAL        YES
    UNDEF-APT-CONT        NO


================================================================
     PROCESSING FILM < assemblyTop >
     TO FILE < E:/workDir/san1ch/board/gerber/assemblyTop.art > ...
================================================================

  FILM PARAMETERS :
  ---------------------------------------------------------
  Undefined line width                6.000
  Mirror code                         NONE
  Rotate angle                        NONE
  Offset x:                           0.000
  Offset y:                           0.000
  Plot negative                       NO
  Suppress unconnected internal pads  NO

    WARNING: 0 width line found at (-1539.370 850.394)
           ... using undefined line width of 6.000

    WARNING: text composed 0 width line found at (-1458.646 22.961)
           ... using undefined line width of 6.000

    WARNING: text having Multiple 0 width lines; all will be treated the same as the first.
           ... using undefined line width of 6.000

    WARNING: Multiple 0 width lines; all will be treated the same as the first.
           ... using undefined line width of 6.000



  APERTURES USED:
  ---------------------------------------------------------
  TYPE       SIZE/NAME                   ROT   MIRROR MODE 
  ---------------------------------------------------------
  CIRCLE     0.00394                                  DARK 
  CIRCLE     0.00500                                  DARK 
  CIRCLE     0.00591                                  DARK 
  CIRCLE     0.00600                                  DARK 
  CIRCLE     0.00709                                  DARK 
  CIRCLE     0.00787                                  DARK 
  CIRCLE     0.00984                                  DARK 

     assemblyTop created with warnings


================================================================
     PROCESSING FILM < outline >
     TO FILE < E:/workDir/san1ch/board/gerber/outline.art > ...
================================================================

  FILM PARAMETERS :
  ---------------------------------------------------------
  Undefined line width                1.000
  Mirror code                         NONE
  Rotate angle                        NONE
  Offset x:                           0.000
  Offset y:                           0.000
  Plot negative                       NO
  Suppress unconnected internal pads  NO



  APERTURES USED:
  ---------------------------------------------------------
  TYPE       SIZE/NAME                   ROT   MIRROR MODE 
  ---------------------------------------------------------
  CIRCLE     0.00100                                  DARK 

     outline created.


================================================================
     PROCESSING FILM < pmb >
     TO FILE < E:/workDir/san1ch/board/gerber/pmb.art > ...
================================================================

  FILM PARAMETERS :
  ---------------------------------------------------------
  Undefined line width                6.000
  Mirror code                         NONE
  Rotate angle                        NONE
  Offset x:                           0.000
  Offset y:                           0.000
  Plot negative                       NO
  Suppress unconnected internal pads  NO



  APERTURES USED:
  ---------------------------------------------------------
  TYPE       SIZE/NAME                   ROT   MIRROR MODE 
  ---------------------------------------------------------
  CIRCLE     0.00600                                  DARK 

     pmb created.


================================================================
     PROCESSING FILM < pmt >
     TO FILE < E:/workDir/san1ch/board/gerber/pmt.art > ...
================================================================

  FILM PARAMETERS :
  ---------------------------------------------------------
  Undefined line width                6.000
  Mirror code                         NONE
  Rotate angle                        NONE
  Offset x:                           0.000
  Offset y:                           0.000
  Plot negative                       NO
  Suppress unconnected internal pads  NO



  APERTURES USED:
  ---------------------------------------------------------
  TYPE       SIZE/NAME                   ROT   MIRROR MODE 
  ---------------------------------------------------------
  CIRCLE     0.00600                                  DARK 
  RECTANGLE  0.01575     x 0.05512      90.000 NO     DARK 
  RECTANGLE  0.03150     x 0.05906       0.000 NO     DARK 
  RECTANGLE  0.03150     x 0.05906      90.000 NO     DARK 
  RECTANGLE  0.03937     x 0.03740       0.000 NO     DARK 
  RECTANGLE  0.03937     x 0.03740      90.000 NO     DARK 
  RECTANGLE  0.07087     x 0.04528      90.000 NO     DARK 
  RECTANGLE  0.07874     x 0.05906      90.000 NO     DARK 
  OBLONG     0.01575     x 0.06299      90.000 NO     DARK 
  OBLONG     0.02559     x 0.04921       0.000 NO     DARK 
  PAD SHAPE  SRX0_70Y1_40R0_10           0.000 NO     DARK 
  PAD SHAPE  SRX0_70Y1_40R0_10         180.000 NO     DARK 
  PAD SHAPE  SRX1_93Y1_90R0_10         180.000 NO     DARK 
  PAD SHAPE  SRX0_63Y1_90R0_10         180.000 NO     DARK 

     pmt created.


================================================================
     PROCESSING FILM < smb >
     TO FILE < E:/workDir/san1ch/board/gerber/smb.art > ...
================================================================

  FILM PARAMETERS :
  ---------------------------------------------------------
  Undefined line width                6.000
  Mirror code                         NONE
  Rotate angle                        NONE
  Offset x:                           0.000
  Offset y:                           0.000
  Plot negative                       NO
  Suppress unconnected internal pads  NO



  APERTURES USED:
  ---------------------------------------------------------
  TYPE       SIZE/NAME                   ROT   MIRROR MODE 
  ---------------------------------------------------------
  CIRCLE     0.00600                                  DARK 
  CIRCLE     0.02362                                  DARK 
  CIRCLE     0.07087                                  DARK 
  CIRCLE     0.08268                                  DARK 
  CIRCLE     0.08858                                  DARK 
  SQUARE     0.07087                     0.000 NO     DARK 
  SQUARE     0.08268                     0.000 NO     DARK 
  OBLONG     0.04331     x 0.05906      90.000 NO     DARK 

     smb created.


================================================================
     PROCESSING FILM < smt >
     TO FILE < E:/workDir/san1ch/board/gerber/smt.art > ...
================================================================

  FILM PARAMETERS :
  ---------------------------------------------------------
  Undefined line width                6.000
  Mirror code                         NONE
  Rotate angle                        NONE
  Offset x:                           0.000
  Offset y:                           0.000
  Plot negative                       NO
  Suppress unconnected internal pads  NO



  APERTURES USED:
  ---------------------------------------------------------
  TYPE       SIZE/NAME                   ROT   MIRROR MODE 
  ---------------------------------------------------------
  CIRCLE     0.00600                                  DARK 
  CIRCLE     0.02362                                  DARK 
  CIRCLE     0.07087                                  DARK 
  CIRCLE     0.08268                                  DARK 
  CIRCLE     0.08858                                  DARK 
  SQUARE     0.07087                     0.000 NO     DARK 
  SQUARE     0.08268                     0.000 NO     DARK 
  RECTANGLE  0.01772     x 0.05709      90.000 NO     DARK 
  RECTANGLE  0.03543     x 0.06299       0.000 NO     DARK 
  RECTANGLE  0.03543     x 0.06299      90.000 NO     DARK 
  RECTANGLE  0.04331     x 0.04134       0.000 NO     DARK 
  RECTANGLE  0.04331     x 0.04134      90.000 NO     DARK 
  RECTANGLE  0.07480     x 0.04921      90.000 NO     DARK 
  RECTANGLE  0.08268     x 0.06299      90.000 NO     DARK 
  OBLONG     0.02362     x 0.07087      90.000 NO     DARK 
  OBLONG     0.03347     x 0.05709       0.000 NO     DARK 
  OBLONG     0.04331     x 0.05906      90.000 NO     DARK 
  PAD SHAPE  SRX0_80Y1_50R0_10           0.000 NO     DARK 
  PAD SHAPE  SRX0_80Y1_50R0_10         180.000 NO     DARK 
  PAD SHAPE  SRX2_03Y2_00R0_10         180.000 NO     DARK 
  PAD SHAPE  SRX0_73Y2_00R0_10         180.000 NO     DARK 

     smt created.


================================================================
     PROCESSING FILM < BOTTOM >
     TO FILE < E:/workDir/san1ch/board/gerber/BOTTOM.art > ...
================================================================

  FILM PARAMETERS :
  ---------------------------------------------------------
  Undefined line width                0.000
  Mirror code                         NONE
  Rotate angle                        NONE
  Offset x:                           0.000
  Offset y:                           0.000
  Plot negative                       NO
  Suppress unconnected internal pads  NO

    WARNING: rectangle or unfilled shape composed 0 width line found at (-78.740 -929.134)
           ... ignored!

    WARNING: rectangle or unfilled shape having Multiple 0 width lines; all will be treated the same as the first.
           ... ignored!



  APERTURES USED:
  ---------------------------------------------------------
  TYPE       SIZE/NAME                   ROT   MIRROR MODE 
  ---------------------------------------------------------
  CIRCLE     0.01968                                  DARK 
  CIRCLE     0.02000                                  DARK 
  CIRCLE     0.02362                                  DARK 
  CIRCLE     0.04000                                  DARK 
  CIRCLE     0.06693                                  DARK 
  CIRCLE     0.07874                                  DARK 
  CIRCLE     0.08000                                  DARK 
  CIRCLE     0.08465                                  DARK 
  SQUARE     0.06693                     0.000 NO     DARK 
  SQUARE     0.07874                     0.000 NO     DARK 
  OBLONG     0.04331     x 0.05906      90.000 NO     DARK 

     BOTTOM created with warnings


================================================================
     PROCESSING FILM < TOP >
     TO FILE < E:/workDir/san1ch/board/gerber/TOP.art > ...
================================================================

  FILM PARAMETERS :
  ---------------------------------------------------------
  Undefined line width                0.000
  Mirror code                         NONE
  Rotate angle                        NONE
  Offset x:                           0.000
  Offset y:                           0.000
  Plot negative                       NO
  Suppress unconnected internal pads  NO



  APERTURES USED:
  ---------------------------------------------------------
  TYPE       SIZE/NAME                   ROT   MIRROR MODE 
  ---------------------------------------------------------
  CIRCLE     0.01968                                  DARK 
  CIRCLE     0.02000                                  DARK 
  CIRCLE     0.02362                                  DARK 
  CIRCLE     0.04000                                  DARK 
  CIRCLE     0.06693                                  DARK 
  CIRCLE     0.07874                                  DARK 
  CIRCLE     0.08465                                  DARK 
  SQUARE     0.06693                     0.000 NO     DARK 
  SQUARE     0.07874                     0.000 NO     DARK 
  RECTANGLE  0.01575     x 0.05512      90.000 NO     DARK 
  RECTANGLE  0.03150     x 0.05906       0.000 NO     DARK 
  RECTANGLE  0.03150     x 0.05906      90.000 NO     DARK 
  RECTANGLE  0.03937     x 0.03740       0.000 NO     DARK 
  RECTANGLE  0.03937     x 0.03740      90.000 NO     DARK 
  RECTANGLE  0.07087     x 0.04528      90.000 NO     DARK 
  RECTANGLE  0.07874     x 0.05906      90.000 NO     DARK 
  OBLONG     0.01575     x 0.06299      90.000 NO     DARK 
  OBLONG     0.02559     x 0.04921       0.000 NO     DARK 
  OBLONG     0.04331     x 0.05906      90.000 NO     DARK 
  PAD SHAPE  SRX0_70Y1_40R0_10           0.000 NO     DARK 
  PAD SHAPE  SRX1_93Y1_90R0_10         180.000 NO     DARK 
  PAD SHAPE  SRX0_63Y1_90R0_10         180.000 NO     DARK 
  PAD SHAPE  SRX0_70Y1_40R0_10         180.000 NO     DARK 

     TOP created.


================================================================
     PROCESSING FILM < asssemblyBottom >
     TO FILE < E:/workDir/san1ch/board/gerber/asssemblyBottom.art > ...
================================================================

  FILM PARAMETERS :
  ---------------------------------------------------------
  Undefined line width                0.000
  Mirror code                         NONE
  Rotate angle                        NONE
  Offset x:                           0.000
  Offset y:                           0.000
  Plot negative                       NO
  Suppress unconnected internal pads  NO



  APERTURES USED:  NONE
     asssemblyBottom created.


------------------------------------------------------
 SUMMARY:
        assemblyTop created with warnings
        outline created.
        pmb created.
        pmt created.
        smb created.
        smt created.
        BOTTOM created with warnings
        TOP created.
        asssemblyBottom created.

 ARTWORK finished
